<?xml version="1.0" encoding="UTF-8"?>
<!-- Generated by org.testng.reporters.JUnitXMLReporter -->
<testsuite ignored="0" hostname="WKWZTVWTFLl0Qj5" failures="0" tests="9" name="Test" time="22.789" errors="0" timestamp="2022-11-22T19:10:05 IST">
  <testcase classname="Day3.MyFirstTestNGTest2Test" name="login" time="0.009"/>
  <testcase classname="Day3.MyFirstTestNGTest2Test" name="create" time="0.0"/>
  <testcase classname="Day3.TestNgDemo1" name="f" time="5.549"/>
  <testcase classname="Day3.MyFirstTESTNGTTest" name="login" time="0.001"/>
  <testcase classname="Day3.MyFirstTESTNGTTest" name="Accountcreated" time="0.006"/>
  <testcase classname="Day3.TestNgDemo" name="testGoogle" time="6.035"/>
  <testcase classname="Day3.TestNgDemo2" name="main" time="10.718"/>
  <testcase classname="Day3.TestNgDemo4" name="main" time="12.323"/>
  <testcase classname="Day3.TestNgDemo3" name="main" time="22.749"/>
</testsuite> <!-- Test -->
